0 info it worked if it ends with ok
1 verbose cli [ 'C:\\Program Files\\nodejs\\node.exe',
1 verbose cli   'C:\\Program Files\\nodejs\\node_modules\\npm\\bin\\npm-cli.js',
1 verbose cli   'run',
1 verbose cli   'start' ]
2 info using npm@3.10.10
3 info using node@v6.11.1
4 verbose run-script [ 'prestart', 'start', 'poststart' ]
5 info lifecycle hello-books-project@1.0.0~prestart: hello-books-project@1.0.0
6 silly lifecycle hello-books-project@1.0.0~prestart: no script for prestart, continuing
7 info lifecycle hello-books-project@1.0.0~start: hello-books-project@1.0.0
8 verbose lifecycle hello-books-project@1.0.0~start: unsafe-perm in lifecycle true
9 verbose lifecycle hello-books-project@1.0.0~start: PATH: C:\Program Files\nodejs\node_modules\npm\bin\node-gyp-bin;C:\Users\JUDE\Desktop\hello-books-project\node_modules\.bin;C:\Users\JUDE\bin;C:\Program Files\Git\mingw32\bin;C:\Program Files\Git\usr\local\bin;C:\Program Files\Git\usr\bin;C:\Program Files\Git\usr\bin;C:\Program Files\Git\mingw32\bin;C:\Program Files\Git\usr\bin;C:\Users\JUDE\bin;C:\Program Files\ImageMagick-6.9.2-Q16;C:\ProgramData\Oracle\Java\javapath;C:\gradle-2.5\bin;C:\Program Files\Java\jdk1.8.0_40\bin;C:\Program Files\OpenVPN\bin;C:\Program Files\Simply Fortran 2\mingw-w64\bin;C:\Program Files\Simply Fortran 2\mingw-w64\x86_64-w64-mingw32\lib32;C:\Program Files\Simply Fortran 2\mingw-w64\x86_64-w64-mingw32\lib64;C:\ProgramData\ComposerSetup\bin;C:\Program Files\Skype\Phone;C:\Program Files\nodejs;C:\Program Files\Git\cmd;C:\Python27;C:\Python27\Scripts;C:\Users\JUDE\AppData\Roaming\npm;C:\Program Files\Git\usr\bin\vendor_perl;C:\Program Files\Git\usr\bin\core_perl
10 verbose lifecycle hello-books-project@1.0.0~start: CWD: C:\Users\JUDE\Desktop\hello-books-project
11 silly lifecycle hello-books-project@1.0.0~start: Args: [ '/d /s /c', 'nodemon server/server.js --exec babel-node' ]
12 silly lifecycle hello-books-project@1.0.0~start: Returned: code: 1  signal: null
13 info lifecycle hello-books-project@1.0.0~start: Failed to exec start script
14 verbose stack Error: hello-books-project@1.0.0 start: `nodemon server/server.js --exec babel-node`
14 verbose stack Exit status 1
14 verbose stack     at EventEmitter.<anonymous> (C:\Program Files\nodejs\node_modules\npm\lib\utils\lifecycle.js:255:16)
14 verbose stack     at emitTwo (events.js:106:13)
14 verbose stack     at EventEmitter.emit (events.js:191:7)
14 verbose stack     at ChildProcess.<anonymous> (C:\Program Files\nodejs\node_modules\npm\lib\utils\spawn.js:40:14)
14 verbose stack     at emitTwo (events.js:106:13)
14 verbose stack     at ChildProcess.emit (events.js:191:7)
14 verbose stack     at maybeClose (internal/child_process.js:891:16)
14 verbose stack     at Process.ChildProcess._handle.onexit (internal/child_process.js:226:5)
15 verbose pkgid hello-books-project@1.0.0
16 verbose cwd C:\Users\JUDE\Desktop\hello-books-project
17 error Windows_NT 6.2.9200
18 error argv "C:\\Program Files\\nodejs\\node.exe" "C:\\Program Files\\nodejs\\node_modules\\npm\\bin\\npm-cli.js" "run" "start"
19 error node v6.11.1
20 error npm  v3.10.10
21 error code ELIFECYCLE
22 error hello-books-project@1.0.0 start: `nodemon server/server.js --exec babel-node`
22 error Exit status 1
23 error Failed at the hello-books-project@1.0.0 start script 'nodemon server/server.js --exec babel-node'.
23 error Make sure you have the latest version of node.js and npm installed.
23 error If you do, this is most likely a problem with the hello-books-project package,
23 error not with npm itself.
23 error Tell the author that this fails on your system:
23 error     nodemon server/server.js --exec babel-node
23 error You can get information on how to open an issue for this project with:
23 error     npm bugs hello-books-project
23 error Or if that isn't available, you can get their info via:
23 error     npm owner ls hello-books-project
23 error There is likely additional logging output above.
24 verbose exit [ 1, true ]
